  [1m[36m (1.1ms)[0m  [1mCREATE TABLE "schema_migrations" ("version" varchar(255) NOT NULL) [0m
  [1m[35m (0.1ms)[0m  select sqlite_version(*)
  [1m[36m (0.8ms)[0m  [1mCREATE UNIQUE INDEX "unique_schema_migrations" ON "schema_migrations" ("version")[0m
  [1m[35mActiveRecord::SchemaMigration Load (0.1ms)[0m  SELECT "schema_migrations".* FROM "schema_migrations"
Migrating to DeviseCreateUsers (20140508212931)
  [1m[36m (0.1ms)[0m  [1mbegin transaction[0m
  [1m[35m (0.5ms)[0m  CREATE TABLE "users" ("id" INTEGER PRIMARY KEY AUTOINCREMENT NOT NULL, "email" varchar(255) DEFAULT '' NOT NULL, "encrypted_password" varchar(255) DEFAULT '' NOT NULL, "reset_password_token" varchar(255), "reset_password_sent_at" datetime, "remember_created_at" datetime, "sign_in_count" integer DEFAULT 0 NOT NULL, "current_sign_in_at" datetime, "last_sign_in_at" datetime, "current_sign_in_ip" varchar(255), "last_sign_in_ip" varchar(255), "created_at" datetime, "updated_at" datetime) 
  [1m[36m (1.1ms)[0m  [1mCREATE UNIQUE INDEX "index_users_on_email" ON "users" ("email")[0m
  [1m[35m (0.1ms)[0m              SELECT sql
            FROM sqlite_master
            WHERE name='index_users_on_email' AND type='index'
            UNION ALL
            SELECT sql
            FROM sqlite_temp_master
            WHERE name='index_users_on_email' AND type='index'

  [1m[36m (0.2ms)[0m  [1mCREATE UNIQUE INDEX "index_users_on_reset_password_token" ON "users" ("reset_password_token")[0m
  [1m[35mSQL (0.2ms)[0m  INSERT INTO "schema_migrations" ("version") VALUES (?)  [["version", "20140508212931"]]
  [1m[36m (0.8ms)[0m  [1mcommit transaction[0m
Migrating to AddAuthenticationTokenToUsers (20140508212956)
  [1m[35m (0.1ms)[0m  begin transaction
  [1m[36m (0.3ms)[0m  [1mALTER TABLE "users" ADD "authentication_token" varchar(255)[0m
  [1m[35mSQL (0.3ms)[0m  INSERT INTO "schema_migrations" ("version") VALUES (?)  [["version", "20140508212956"]]
  [1m[36m (0.8ms)[0m  [1mcommit transaction[0m
  [1m[35mActiveRecord::SchemaMigration Load (0.1ms)[0m  SELECT "schema_migrations".* FROM "schema_migrations"
  [1m[36m (0.1ms)[0m  [1m            SELECT sql
            FROM sqlite_master
            WHERE name='index_users_on_reset_password_token' AND type='index'
            UNION ALL
            SELECT sql
            FROM sqlite_temp_master
            WHERE name='index_users_on_reset_password_token' AND type='index'
[0m
  [1m[35m (0.1ms)[0m              SELECT sql
            FROM sqlite_master
            WHERE name='index_users_on_email' AND type='index'
            UNION ALL
            SELECT sql
            FROM sqlite_temp_master
            WHERE name='index_users_on_email' AND type='index'

  [1m[36mActiveRecord::SchemaMigration Load (0.1ms)[0m  [1mSELECT "schema_migrations".* FROM "schema_migrations"[0m
  [1m[35mActiveRecord::SchemaMigration Load (0.1ms)[0m  SELECT "schema_migrations".* FROM "schema_migrations"
Migrating to AddAuthenticationTokenToUsers (20140508212956)
  [1m[36m (0.1ms)[0m  [1mbegin transaction[0m
  [1m[35m (1.2ms)[0m  CREATE TEMPORARY TABLE "ausers" ("id" INTEGER PRIMARY KEY AUTOINCREMENT NOT NULL, "email" varchar(255) DEFAULT '' NOT NULL, "encrypted_password" varchar(255) DEFAULT '' NOT NULL, "reset_password_token" varchar(255), "reset_password_sent_at" datetime, "remember_created_at" datetime, "sign_in_count" integer DEFAULT 0 NOT NULL, "current_sign_in_at" datetime, "last_sign_in_at" datetime, "current_sign_in_ip" varchar(255), "last_sign_in_ip" varchar(255), "created_at" datetime, "updated_at" datetime, "authentication_token" varchar(255)) 
  [1m[36m (0.1ms)[0m  [1m            SELECT sql
            FROM sqlite_master
            WHERE name='index_users_on_reset_password_token' AND type='index'
            UNION ALL
            SELECT sql
            FROM sqlite_temp_master
            WHERE name='index_users_on_reset_password_token' AND type='index'
[0m
  [1m[35m (0.1ms)[0m              SELECT sql
            FROM sqlite_master
            WHERE name='index_users_on_email' AND type='index'
            UNION ALL
            SELECT sql
            FROM sqlite_temp_master
            WHERE name='index_users_on_email' AND type='index'

  [1m[36m (0.0ms)[0m  [1mselect sqlite_version(*)[0m
  [1m[35m (0.3ms)[0m  CREATE UNIQUE INDEX "tindex_ausers_on_reset_password_token" ON "ausers" ("reset_password_token")
  [1m[36m (0.1ms)[0m  [1m            SELECT sql
            FROM sqlite_master
            WHERE name='tindex_ausers_on_reset_password_token' AND type='index'
            UNION ALL
            SELECT sql
            FROM sqlite_temp_master
            WHERE name='tindex_ausers_on_reset_password_token' AND type='index'
[0m
  [1m[35m (0.1ms)[0m  CREATE UNIQUE INDEX "tindex_ausers_on_email" ON "ausers" ("email")
  [1m[36m (0.1ms)[0m  [1mSELECT * FROM "users"[0m
  [1m[35m (0.3ms)[0m  DROP TABLE "users"
  [1m[36m (0.1ms)[0m  [1mCREATE TABLE "users" ("id" INTEGER PRIMARY KEY AUTOINCREMENT NOT NULL, "email" varchar(255) DEFAULT '' NOT NULL, "encrypted_password" varchar(255) DEFAULT '' NOT NULL, "reset_password_token" varchar(255), "reset_password_sent_at" datetime, "remember_created_at" datetime, "sign_in_count" integer DEFAULT 0 NOT NULL, "current_sign_in_at" datetime, "last_sign_in_at" datetime, "current_sign_in_ip" varchar(255), "last_sign_in_ip" varchar(255), "created_at" datetime, "updated_at" datetime) [0m
  [1m[35m (0.1ms)[0m              SELECT sql
            FROM sqlite_master
            WHERE name='tindex_ausers_on_email' AND type='index'
            UNION ALL
            SELECT sql
            FROM sqlite_temp_master
            WHERE name='tindex_ausers_on_email' AND type='index'

  [1m[36m (0.1ms)[0m  [1m            SELECT sql
            FROM sqlite_master
            WHERE name='tindex_ausers_on_reset_password_token' AND type='index'
            UNION ALL
            SELECT sql
            FROM sqlite_temp_master
            WHERE name='tindex_ausers_on_reset_password_token' AND type='index'
[0m
  [1m[35m (0.3ms)[0m  CREATE UNIQUE INDEX "index_users_on_email" ON "users" ("email")
  [1m[36m (0.1ms)[0m  [1m            SELECT sql
            FROM sqlite_master
            WHERE name='index_users_on_email' AND type='index'
            UNION ALL
            SELECT sql
            FROM sqlite_temp_master
            WHERE name='index_users_on_email' AND type='index'
[0m
  [1m[35m (0.1ms)[0m  CREATE UNIQUE INDEX "index_users_on_reset_password_token" ON "users" ("reset_password_token")
  [1m[36m (0.1ms)[0m  [1mSELECT * FROM "ausers"[0m
  [1m[35m (0.1ms)[0m  DROP TABLE "ausers"
  [1m[36mSQL (0.2ms)[0m  [1mDELETE FROM "schema_migrations" WHERE "schema_migrations"."version" = '20140508212956'[0m
  [1m[35m (1.0ms)[0m  commit transaction
  [1m[36mActiveRecord::SchemaMigration Load (0.1ms)[0m  [1mSELECT "schema_migrations".* FROM "schema_migrations"[0m
  [1m[35m (0.1ms)[0m              SELECT sql
            FROM sqlite_master
            WHERE name='index_users_on_reset_password_token' AND type='index'
            UNION ALL
            SELECT sql
            FROM sqlite_temp_master
            WHERE name='index_users_on_reset_password_token' AND type='index'

  [1m[36m (0.1ms)[0m  [1m            SELECT sql
            FROM sqlite_master
            WHERE name='index_users_on_email' AND type='index'
            UNION ALL
            SELECT sql
            FROM sqlite_temp_master
            WHERE name='index_users_on_email' AND type='index'
[0m
  [1m[36mActiveRecord::SchemaMigration Load (0.1ms)[0m  [1mSELECT "schema_migrations".* FROM "schema_migrations"[0m
Migrating to AddAuthenticationTokenToUsers (20140508212956)
  [1m[35m (0.1ms)[0m  begin transaction
  [1m[36m (0.5ms)[0m  [1mALTER TABLE "users" ADD "authentication_token" varchar(255)[0m
  [1m[35m (0.1ms)[0m  select sqlite_version(*)
  [1m[36m (0.1ms)[0m  [1m            SELECT sql
            FROM sqlite_master
            WHERE name='index_users_on_reset_password_token' AND type='index'
            UNION ALL
            SELECT sql
            FROM sqlite_temp_master
            WHERE name='index_users_on_reset_password_token' AND type='index'
[0m
  [1m[35m (0.1ms)[0m              SELECT sql
            FROM sqlite_master
            WHERE name='index_users_on_email' AND type='index'
            UNION ALL
            SELECT sql
            FROM sqlite_temp_master
            WHERE name='index_users_on_email' AND type='index'

  [1m[36m (1.1ms)[0m  [1mCREATE UNIQUE INDEX "index_users_on_authentication_token" ON "users" ("authentication_token")[0m
  [1m[35mSQL (0.2ms)[0m  INSERT INTO "schema_migrations" ("version") VALUES (?)  [["version", "20140508212956"]]
  [1m[36m (2.2ms)[0m  [1mcommit transaction[0m
  [1m[35mActiveRecord::SchemaMigration Load (0.1ms)[0m  SELECT "schema_migrations".* FROM "schema_migrations"
  [1m[36m (0.1ms)[0m  [1m            SELECT sql
            FROM sqlite_master
            WHERE name='index_users_on_authentication_token' AND type='index'
            UNION ALL
            SELECT sql
            FROM sqlite_temp_master
            WHERE name='index_users_on_authentication_token' AND type='index'
[0m
  [1m[35m (0.1ms)[0m              SELECT sql
            FROM sqlite_master
            WHERE name='index_users_on_reset_password_token' AND type='index'
            UNION ALL
            SELECT sql
            FROM sqlite_temp_master
            WHERE name='index_users_on_reset_password_token' AND type='index'

  [1m[36m (0.1ms)[0m  [1m            SELECT sql
            FROM sqlite_master
            WHERE name='index_users_on_email' AND type='index'
            UNION ALL
            SELECT sql
            FROM sqlite_temp_master
            WHERE name='index_users_on_email' AND type='index'
[0m
  [1m[36mActiveRecord::SchemaMigration Load (0.1ms)[0m  [1mSELECT "schema_migrations".* FROM "schema_migrations"[0m
  [1m[35mActiveRecord::SchemaMigration Load (0.1ms)[0m  SELECT "schema_migrations".* FROM "schema_migrations"
  [1m[36m (0.1ms)[0m  [1m            SELECT sql
            FROM sqlite_master
            WHERE name='index_users_on_authentication_token' AND type='index'
            UNION ALL
            SELECT sql
            FROM sqlite_temp_master
            WHERE name='index_users_on_authentication_token' AND type='index'
[0m
  [1m[35m (0.1ms)[0m              SELECT sql
            FROM sqlite_master
            WHERE name='index_users_on_reset_password_token' AND type='index'
            UNION ALL
            SELECT sql
            FROM sqlite_temp_master
            WHERE name='index_users_on_reset_password_token' AND type='index'

  [1m[36m (0.1ms)[0m  [1m            SELECT sql
            FROM sqlite_master
            WHERE name='index_users_on_email' AND type='index'
            UNION ALL
            SELECT sql
            FROM sqlite_temp_master
            WHERE name='index_users_on_email' AND type='index'
[0m


Started POST "/api/v1/sessions" for 127.0.0.1 at 2014-05-09 05:39:03 +0800
  [1m[36mActiveRecord::SchemaMigration Load (0.1ms)[0m  [1mSELECT "schema_migrations".* FROM "schema_migrations"[0m
Processing by Api::V1::SessionsController#create as JSON
  Parameters: {"user"=>{"email"=>"user@example.com", "password"=>"[FILTERED]"}, "session"=>{"user"=>{"email"=>"user@example.com", "password"=>"[FILTERED]"}}}
  [1m[35mUser Load (0.2ms)[0m  SELECT  "users".* FROM "users"  WHERE "users"."email" = 'user@example.com'  ORDER BY "users"."id" ASC LIMIT 1
Completed 401 Unauthorized in 17ms
  [1m[36m (0.2ms)[0m  [1mbegin transaction[0m
  [1m[35mUser Exists (0.2ms)[0m  SELECT  1 AS one FROM "users"  WHERE "users"."email" = 'user@example.com' LIMIT 1
  [1m[36m (0.1ms)[0m  [1mrollback transaction[0m
  [1m[35m (0.1ms)[0m  begin transaction
  [1m[36mUser Exists (0.2ms)[0m  [1mSELECT  1 AS one FROM "users"  WHERE "users"."email" = 'user@example.com' LIMIT 1[0m
  [1m[35mUser Load (0.2ms)[0m  SELECT  "users".* FROM "users"  WHERE "users"."authentication_token" = '4g6rCSFbgSqML7ed6rv2'  ORDER BY "users"."id" ASC LIMIT 1
Binary data inserted for `string` type on column `encrypted_password`
  [1m[36mSQL (0.5ms)[0m  [1mINSERT INTO "users" ("authentication_token", "created_at", "email", "encrypted_password", "updated_at") VALUES (?, ?, ?, ?, ?)[0m  [["authentication_token", "4g6rCSFbgSqML7ed6rv2"], ["created_at", "2014-05-08 21:40:40.795502"], ["email", "user@example.com"], ["encrypted_password", "$2a$10$iU9Xia85EJ4MJEdPX5zCce7j1aksFyBfjH40hvxkyUvNLOTpe.FlW"], ["updated_at", "2014-05-08 21:40:40.795502"]]
  [1m[35m (2.9ms)[0m  commit transaction


Started POST "/api/v1/sessions" for 127.0.0.1 at 2014-05-09 05:40:52 +0800
Processing by Api::V1::SessionsController#create as JSON
  Parameters: {"user"=>{"email"=>"user@example.com", "password"=>"[FILTERED]"}, "session"=>{"user"=>{"email"=>"user@example.com", "password"=>"[FILTERED]"}}}
  [1m[36mUser Load (0.2ms)[0m  [1mSELECT  "users".* FROM "users"  WHERE "users"."email" = 'user@example.com'  ORDER BY "users"."id" ASC LIMIT 1[0m
Completed 401 Unauthorized in 87ms


Started POST "/api/v1/sessions" for 127.0.0.1 at 2014-05-09 05:41:32 +0800
Processing by Api::V1::SessionsController#create as JSON
  Parameters: {"user"=>{"email"=>"user@example.com", "password"=>"[FILTERED]"}, "session"=>{"user"=>{"email"=>"user@example.com", "password"=>"[FILTERED]"}}}
  [1m[35mUser Load (0.2ms)[0m  SELECT  "users".* FROM "users"  WHERE "users"."email" = 'user@example.com'  ORDER BY "users"."id" ASC LIMIT 1
Completed 401 Unauthorized in 76ms
  [1m[36mUser Load (0.2ms)[0m  [1mSELECT  "users".* FROM "users"   ORDER BY "users"."id" DESC LIMIT 1[0m
  [1m[35m (0.2ms)[0m  begin transaction
Binary data inserted for `string` type on column `encrypted_password`
  [1m[36mSQL (0.4ms)[0m  [1mUPDATE "users" SET "encrypted_password" = ?, "updated_at" = ? WHERE "users"."id" = 1[0m  [["encrypted_password", "$2a$10$iIfP8.2HrVKapvjgPpDfi.gK0UoHlf5R4XdxRI2Y89cZmBqc6Q5gi"], ["updated_at", "2014-05-08 21:43:00.802596"]]
  [1m[35m (2.8ms)[0m  commit transaction


Started POST "/api/v1/sessions" for 127.0.0.1 at 2014-05-09 05:43:20 +0800
Processing by Api::V1::SessionsController#create as JSON
  Parameters: {"user"=>{"email"=>"user@example.com", "password"=>"[FILTERED]"}, "session"=>{"user"=>{"email"=>"user@example.com", "password"=>"[FILTERED]"}}}
  [1m[36mUser Load (0.3ms)[0m  [1mSELECT  "users".* FROM "users"  WHERE "users"."email" = 'user@example.com'  ORDER BY "users"."id" ASC LIMIT 1[0m
  [1m[35m (0.2ms)[0m  begin transaction
Binary data inserted for `string` type on column `current_sign_in_ip`
Binary data inserted for `string` type on column `last_sign_in_ip`
  [1m[36mSQL (0.7ms)[0m  [1mUPDATE "users" SET "current_sign_in_at" = ?, "current_sign_in_ip" = ?, "last_sign_in_at" = ?, "last_sign_in_ip" = ?, "sign_in_count" = ?, "updated_at" = ? WHERE "users"."id" = 1[0m  [["current_sign_in_at", "2014-05-08 21:43:20.912262"], ["current_sign_in_ip", "127.0.0.1"], ["last_sign_in_at", "2014-05-08 21:43:20.912262"], ["last_sign_in_ip", "127.0.0.1"], ["sign_in_count", 1], ["updated_at", "2014-05-08 21:43:20.914100"]]
  [1m[35m (1.1ms)[0m  commit transaction
Completed 200 OK in 87ms (Views: 0.3ms | ActiveRecord: 2.2ms)


Started DELETE "/api/v1/sessions/?auth_token=JRYodzXgrLsk157ioYHf" for 127.0.0.1 at 2014-05-09 05:43:43 +0800
Processing by Api::V1::SessionsController#destroy as JSON
  Parameters: {"auth_token"=>"JRYodzXgrLsk157ioYHf", "session"=>{}}
Completed 401 Unauthorized in 1ms


Started DELETE "/api/v1/sessions/?user_token=4g6rCSFbgSqML7ed6rv2?user_email=user@example.com" for 127.0.0.1 at 2014-05-09 05:45:33 +0800
Processing by Api::V1::SessionsController#destroy as JSON
  Parameters: {"user_token"=>"4g6rCSFbgSqML7ed6rv2?user_email=user@example.com", "session"=>{}}
Completed 401 Unauthorized in 1ms


Started DELETE "/api/v1/sessions/?user_token=4g6rCSFbgSqML7ed6rv2&user_email=user@example.com" for 127.0.0.1 at 2014-05-09 05:46:12 +0800
Processing by Api::V1::SessionsController#destroy as JSON
  Parameters: {"user_token"=>"4g6rCSFbgSqML7ed6rv2", "user_email"=>"user@example.com", "session"=>{}}
  [1m[36mUser Load (0.3ms)[0m  [1mSELECT  "users".* FROM "users"  WHERE "users"."email" = 'user@example.com' LIMIT 1[0m
  [1m[35m (0.1ms)[0m  begin transaction
  [1m[36mSQL (0.5ms)[0m  [1mUPDATE "users" SET "current_sign_in_at" = ?, "sign_in_count" = ?, "updated_at" = ? WHERE "users"."id" = 1[0m  [["current_sign_in_at", "2014-05-08 21:46:12.312334"], ["sign_in_count", 2], ["updated_at", "2014-05-08 21:46:12.313156"]]
  [1m[35m (0.7ms)[0m  commit transaction
  [1m[36mSQL (0.9ms)[0m  [1mUPDATE "users" SET "authentication_token" = NULL WHERE "users"."id" = 1[0m
Completed 200 OK in 7ms (Views: 0.3ms | ActiveRecord: 2.4ms)


Started POST "/api/v1/registrations" for 127.0.0.1 at 2014-05-09 05:49:27 +0800
Processing by Api::V1::RegistrationsController#create as JSON
  Parameters: {"user"=>{"email"=>"user1@example.com", "name"=>"anotheruser", "password"=>"[FILTERED]", "password_confirmation"=>"[FILTERED]"}, "registration"=>{"user"=>{"email"=>"user1@example.com", "name"=>"anotheruser", "password"=>"[FILTERED]", "password_confirmation"=>"[FILTERED]"}}}
  [1m[35m (0.0ms)[0m  begin transaction
  [1m[36m (0.1ms)[0m  [1mrollback transaction[0m
Completed 422 Unprocessable Entity in 14ms (Views: 0.2ms | ActiveRecord: 0.6ms)


Started POST "/api/v1/registrations" for 127.0.0.1 at 2014-05-09 05:50:01 +0800
Processing by Api::V1::RegistrationsController#create as JSON
  Parameters: {"user"=>{"email"=>"user1@example.com", "password"=>"[FILTERED]", "password_confirmation"=>"[FILTERED]"}, "registration"=>{"user"=>{"email"=>"user1@example.com", "password"=>"[FILTERED]", "password_confirmation"=>"[FILTERED]"}}}
  [1m[35m (0.1ms)[0m  begin transaction
  [1m[36m (0.1ms)[0m  [1mrollback transaction[0m
Completed 422 Unprocessable Entity in 3ms (Views: 0.2ms | ActiveRecord: 0.1ms)


Started POST "/api/v1/registrations" for 127.0.0.1 at 2014-05-09 05:50:23 +0800
Processing by Api::V1::RegistrationsController#create as JSON
  Parameters: {"user"=>{"email"=>"user1@example.com", "password"=>"[FILTERED]", "password_confirmation"=>"[FILTERED]"}, "registration"=>{"user"=>{"email"=>"user1@example.com", "password"=>"[FILTERED]", "password_confirmation"=>"[FILTERED]"}}}
  [1m[35m (0.1ms)[0m  begin transaction
  [1m[36m (0.1ms)[0m  [1mrollback transaction[0m
Completed 422 Unprocessable Entity in 4ms (Views: 0.3ms | ActiveRecord: 0.2ms)


Started POST "/api/v1/registrations" for 127.0.0.1 at 2014-05-09 05:53:23 +0800
Processing by Api::V1::RegistrationsController#create as JSON
  Parameters: {"user"=>{"email"=>"user1@example.com", "password"=>"[FILTERED]", "password_confirmation"=>"[FILTERED]"}, "registration"=>{"user"=>{"email"=>"user1@example.com", "password"=>"[FILTERED]", "password_confirmation"=>"[FILTERED]"}}}
  [1m[35m (0.1ms)[0m  begin transaction
  [1m[36m (0.1ms)[0m  [1mrollback transaction[0m
Completed 422 Unprocessable Entity in 52ms (Views: 0.2ms | ActiveRecord: 0.7ms)


Started POST "/api/v1/registrations" for 127.0.0.1 at 2014-05-09 05:55:08 +0800
Processing by Api::V1::RegistrationsController#create as JSON
  Parameters: {"user"=>{"email"=>"user1@example.com", "password"=>"[FILTERED]", "password_confirmation"=>"[FILTERED]"}, "registration"=>{"user"=>{"email"=>"user1@example.com", "password"=>"[FILTERED]", "password_confirmation"=>"[FILTERED]"}}}
  [1m[35m (0.1ms)[0m  begin transaction
  [1m[36m (0.1ms)[0m  [1mrollback transaction[0m
Completed 422 Unprocessable Entity in 15ms (Views: 0.2ms | ActiveRecord: 0.7ms)


Started POST "/api/v1/registrations" for 127.0.0.1 at 2014-05-09 06:03:29 +0800
  [1m[36mActiveRecord::SchemaMigration Load (0.5ms)[0m  [1mSELECT "schema_migrations".* FROM "schema_migrations"[0m
Processing by Api::V1::RegistrationsController#create as JSON
  Parameters: {"user"=>{"email"=>"user1@example.com", "password"=>"[FILTERED]", "password_confirmation"=>"[FILTERED]"}, "registration"=>{"user"=>{"email"=>"user1@example.com", "password"=>"[FILTERED]", "password_confirmation"=>"[FILTERED]"}}}
Completed 401 Unauthorized in 98736ms


Started POST "/api/v1/registrations" for 127.0.0.1 at 2014-05-09 06:06:11 +0800
  [1m[36mActiveRecord::SchemaMigration Load (0.1ms)[0m  [1mSELECT "schema_migrations".* FROM "schema_migrations"[0m
Processing by Api::V1::RegistrationsController#create as JSON
  Parameters: {"user"=>{"email"=>"user1@example.com", "password"=>"[FILTERED]", "password_confirmation"=>"[FILTERED]"}, "registration"=>{"user"=>{"email"=>"user1@example.com", "password"=>"[FILTERED]", "password_confirmation"=>"[FILTERED]"}}}
  [1m[35m (0.1ms)[0m  begin transaction
  [1m[36mUser Exists (0.6ms)[0m  [1mSELECT  1 AS one FROM "users"  WHERE "users"."email" = 'user1@example.com' LIMIT 1[0m
  [1m[35mUser Load (0.6ms)[0m  SELECT  "users".* FROM "users"  WHERE "users"."authentication_token" = 'h9sV8f9pgUWVyQsqwuHk'  ORDER BY "users"."id" ASC LIMIT 1
Binary data inserted for `string` type on column `encrypted_password`
  [1m[36mSQL (1.8ms)[0m  [1mINSERT INTO "users" ("authentication_token", "created_at", "email", "encrypted_password", "updated_at") VALUES (?, ?, ?, ?, ?)[0m  [["authentication_token", "h9sV8f9pgUWVyQsqwuHk"], ["created_at", "2014-05-08 22:06:15.122302"], ["email", "user1@example.com"], ["encrypted_password", "$2a$10$6W2cJPcTyj4JQjEd1ydgx.2L5DDTD4OG8kQlho5bO.VvAlxJs1osa"], ["updated_at", "2014-05-08 22:06:15.122302"]]
  [1m[35m (0.9ms)[0m  commit transaction
  [1m[36m (0.1ms)[0m  [1mbegin transaction[0m
Binary data inserted for `string` type on column `current_sign_in_ip`
Binary data inserted for `string` type on column `last_sign_in_ip`
  [1m[35mSQL (0.3ms)[0m  UPDATE "users" SET "current_sign_in_at" = ?, "current_sign_in_ip" = ?, "last_sign_in_at" = ?, "last_sign_in_ip" = ?, "sign_in_count" = ?, "updated_at" = ? WHERE "users"."id" = 2  [["current_sign_in_at", "2014-05-08 22:06:15.130164"], ["current_sign_in_ip", "127.0.0.1"], ["last_sign_in_at", "2014-05-08 22:06:15.130164"], ["last_sign_in_ip", "127.0.0.1"], ["sign_in_count", 1], ["updated_at", "2014-05-08 22:06:15.131270"]]
  [1m[36m (0.6ms)[0m  [1mcommit transaction[0m
Completed 200 OK in 3733ms (Views: 0.5ms | ActiveRecord: 5.4ms)


Started GET "/api/v1/tasks.json" for 127.0.0.1 at 2014-05-09 06:26:54 +0800
Processing by Api::V1::TasksController#index as JSON
Completed 401 Unauthorized in 7ms


Started GET "/api/v1/tasks.json?user_email=user@example.com&auth_token=JRYodzXgrLsk157ioYHf" for 127.0.0.1 at 2014-05-09 06:28:14 +0800
Processing by Api::V1::TasksController#index as JSON
  Parameters: {"user_email"=>"user@example.com", "auth_token"=>"JRYodzXgrLsk157ioYHf"}
  [1m[35mUser Load (0.2ms)[0m  SELECT  "users".* FROM "users"  WHERE "users"."email" = 'user@example.com' LIMIT 1
Completed 401 Unauthorized in 12ms


Started GET "/api/v1/tasks.json?user_email=user@example.com&user_token=JRYodzXgrLsk157ioYHf" for 127.0.0.1 at 2014-05-09 06:28:43 +0800
Processing by Api::V1::TasksController#index as JSON
  Parameters: {"user_email"=>"user@example.com", "user_token"=>"JRYodzXgrLsk157ioYHf"}
  [1m[36mUser Load (0.2ms)[0m  [1mSELECT  "users".* FROM "users"  WHERE "users"."email" = 'user@example.com' LIMIT 1[0m
Completed 401 Unauthorized in 2ms


Started GET "/api/v1/tasks.json?user_email=user@example.com&user_token=JRYodzXgrLsk157i" for 127.0.0.1 at 2014-05-09 06:46:55 +0800
Processing by Api::V1::TasksController#index as JSON
  Parameters: {"user_email"=>"user@example.com", "user_token"=>"JRYodzXgrLsk157i"}
  [1m[35mUser Load (0.1ms)[0m  SELECT  "users".* FROM "users"  WHERE "users"."email" = 'user@example.com' LIMIT 1
  Rendered text template (0.0ms)
Completed 200 OK in 27ms (Views: 15.1ms | ActiveRecord: 0.8ms)
